â¯ brew install pyenv

==> Downloading https://ghcr.io/v2/homebrew/core/pyenv/manifests/2.5.5
############################################################################################################################################################### 100.0%
==> Fetching dependencies for pyenv: pkgconf
==> Downloading https://ghcr.io/v2/homebrew/core/pkgconf/manifests/2.4.3-1
############################################################################################################################################################### 100.0%
==> Fetching pkgconf
==> Downloading https://ghcr.io/v2/homebrew/core/pkgconf/blobs/sha256:3d7bbea2ca2d4d611c55dcd2d890628b2c4f45451fef6e39755f30acf1c4aeea
############################################################################################################################################################### 100.0%
==> Fetching pyenv
==> Downloading https://ghcr.io/v2/homebrew/core/pyenv/blobs/sha256:f3b5db4266807afa0607a543adacfdbb2fd59193d756e3ac95d56518509a8a68
############################################################################################################################################################### 100.0%
==> Installing dependencies for pyenv: pkgconf
==> Installing pyenv dependency: pkgconf
==> Downloading https://ghcr.io/v2/homebrew/core/pkgconf/manifests/2.4.3-1
Already downloaded: /Users/mahesh/Library/Caches/Homebrew/downloads/f938254e85413ef0d18283c9c932823434b88c0c790e04e7534e2a3e923d0588--pkgconf-2.4.3-1.bottle_manifest.json
==> Pouring pkgconf--2.4.3.ventura.bottle.1.tar.gz
ðŸº  /usr/local/Cellar/pkgconf/2.4.3: 27 files, 426.2KB
==> Installing pyenv
==> Pouring pyenv--2.5.5.ventura.bottle.tar.gz
ðŸº  /usr/local/Cellar/pyenv/2.5.5: 1,321 files, 4.2MB
==> Running `brew cleanup pyenv`...
Disable this behaviour by setting HOMEBREW_NO_INSTALL_CLEANUP.
Hide these hints with HOMEBREW_NO_ENV_HINTS (see `man brew`).
==> `brew cleanup` has not been run in the last 30 days, running now...
Disable this behaviour by setting HOMEBREW_NO_INSTALL_CLEANUP.
Hide these hints with HOMEBREW_NO_ENV_HINTS (see `man brew`).



â¯ pyenv install --list | grep 3.11
  3.11.0
  3.11-dev
  3.11.1
  3.11.2
  3.11.3
  3.11.4
  3.11.5
  3.11.6
  3.11.7
  3.11.8
  3.11.9
  3.11.10
  3.11.11
  3.11.12
  mambaforge-23.11.0-0
  miniconda3-3.8-23.11.0-1
  miniconda3-3.8-23.11.0-2
  miniconda3-3.9-23.11.0-1
  miniconda3-3.9-23.11.0-2
  miniconda3-3.10-23.11.0-1
  miniconda3-3.10-23.11.0-2
  miniconda3-3.11-23.5.0-3
  miniconda3-3.11-23.5.1-0
  miniconda3-3.11-23.5.2-0
  miniconda3-3.11-23.9.0-0
  miniconda3-3.11-23.10.0-1
  miniconda3-3.11-23.11.0-1
  miniconda3-3.11-23.11.0-2
  miniconda3-3.11-24.1.2-0
  miniconda3-3.11-24.3.0-0
  miniconda3-3.11-24.4.0-0
  miniconda3-3.11-24.5.0-0
  miniconda3-3.11-24.7.1-0
  miniconda3-3.11-24.9.2-0
  miniconda3-3.11-24.11.1-0
  miniconda3-3.11-25.1.1-0
  miniconda3-3.11-25.1.1-1
  miniconda3-3.11-25.1.1-2
  miniconda3-4.3.11
  miniforge3-23.11.0-0
  pypy2.7-7.3.11-src
  pypy2.7-7.3.11
  pypy3.8-7.3.11-src
  pypy3.8-7.3.11
  pypy3.9-7.3.11-src
  pypy3.9-7.3.11
  pypy3.11-7.3.18-src
  pypy3.11-7.3.18
  pypy3.11-7.3.19-src
  pypy3.11-7.3.19



â¯ pyenv install 3.11.12
python-build: use openssl@3 from homebrew
python-build: use readline from homebrew
Downloading Python-3.11.12.tar.xz...
-> https://www.python.org/ftp/python/3.11.12/Python-3.11.12.tar.xz
Installing Python-3.11.12...
python-build: use readline from homebrew
python-build: use zlib from xcode sdk
Installed Python-3.11.12 to /Users/mahesh/.pyenv/versions/3.11.12


